<?xml version="1.0" encoding="UTF-8"?>
<!-- Generated by org.testng.reporters.JUnitXMLReporter -->
<testsuite hostname="DESKTOP-L8973B7" ignored="0" name="Test" tests="14" failures="11" timestamp="06 May 2020 21:19:32 GMT" time="138.175" errors="0">
  <testcase name="loginTest" time="8.759" classname="com.bridgelabz.usertest.TC_LoginDDT_02">
    <failure type="java.lang.AssertionError" message="expected [true] but found [false]">
      <![CDATA[java.lang.AssertionError: expected [true] but found [false]
at com.bridgelabz.usertest.TC_LoginDDT_02.loginTest(TC_LoginDDT_02.java:42)
... Removed 29 stack frames]]>
    </failure>
  </testcase> <!-- loginTest -->
  <testcase name="loginTest" time="7.803" classname="com.bridgelabz.usertest.TC_LoginDDT_02">
    <failure type="java.lang.AssertionError" message="expected [true] but found [false]">
      <![CDATA[java.lang.AssertionError: expected [true] but found [false]
at com.bridgelabz.usertest.TC_LoginDDT_02.loginTest(TC_LoginDDT_02.java:42)
... Removed 29 stack frames]]>
    </failure>
  </testcase> <!-- loginTest -->
  <testcase name="loginTest" time="7.848" classname="com.bridgelabz.usertest.TC_LoginDDT_02">
    <failure type="java.lang.AssertionError" message="expected [true] but found [false]">
      <![CDATA[java.lang.AssertionError: expected [true] but found [false]
at com.bridgelabz.usertest.TC_LoginDDT_02.loginTest(TC_LoginDDT_02.java:42)
... Removed 29 stack frames]]>
    </failure>
  </testcase> <!-- loginTest -->
  <testcase name="loginTest" time="8.047" classname="com.bridgelabz.usertest.TC_LoginDDT_02">
    <failure type="java.lang.AssertionError" message="expected [true] but found [false]">
      <![CDATA[java.lang.AssertionError: expected [true] but found [false]
at com.bridgelabz.usertest.TC_LoginDDT_02.loginTest(TC_LoginDDT_02.java:42)
... Removed 29 stack frames]]>
    </failure>
  </testcase> <!-- loginTest -->
  <testcase name="loginTest" time="6.943" classname="com.bridgelabz.usertest.TC_LoginDDT_02"/>
  <testcase name="loginTest" time="7.796" classname="com.bridgelabz.usertest.TC_LoginDDT_02">
    <failure type="java.lang.AssertionError" message="expected [true] but found [false]">
      <![CDATA[java.lang.AssertionError: expected [true] but found [false]
at com.bridgelabz.usertest.TC_LoginDDT_02.loginTest(TC_LoginDDT_02.java:42)
... Removed 29 stack frames]]>
    </failure>
  </testcase> <!-- loginTest -->
  <testcase name="loginTest" time="8.102" classname="com.bridgelabz.usertest.TC_LoginDDT_02">
    <failure type="java.lang.AssertionError" message="expected [true] but found [false]">
      <![CDATA[java.lang.AssertionError: expected [true] but found [false]
at com.bridgelabz.usertest.TC_LoginDDT_02.loginTest(TC_LoginDDT_02.java:42)
... Removed 29 stack frames]]>
    </failure>
  </testcase> <!-- loginTest -->
  <testcase name="loginTest" time="7.662" classname="com.bridgelabz.usertest.TC_LoginDDT_02">
    <failure type="java.lang.AssertionError" message="expected [true] but found [false]">
      <![CDATA[java.lang.AssertionError: expected [true] but found [false]
at com.bridgelabz.usertest.TC_LoginDDT_02.loginTest(TC_LoginDDT_02.java:42)
... Removed 29 stack frames]]>
    </failure>
  </testcase> <!-- loginTest -->
  <testcase name="loginTest" time="7.193" classname="com.bridgelabz.usertest.TC_LoginDDT_02"/>
  <testcase name="testWithAllInValidInput" time="6.31" classname="com.bridgelabz.usertest.TC_Registration_01">
    <failure type="java.lang.AssertionError" message="expected [true] but found [false]">
      <![CDATA[java.lang.AssertionError: expected [true] but found [false]
at com.bridgelabz.usertest.TC_Registration_01.registration(TC_Registration_01.java:140)
at com.bridgelabz.usertest.TC_Registration_01.testWithAllInValidInput(TC_Registration_01.java:45)
... Removed 29 stack frames]]>
    </failure>
  </testcase> <!-- testWithAllInValidInput -->
  <testcase name="testWithAllInValidPassWord" time="6.981" classname="com.bridgelabz.usertest.TC_Registration_01">
    <failure type="java.lang.AssertionError" message="expected [true] but found [false]">
      <![CDATA[java.lang.AssertionError: expected [true] but found [false]
at com.bridgelabz.usertest.TC_Registration_01.registration(TC_Registration_01.java:140)
at com.bridgelabz.usertest.TC_Registration_01.testWithAllInValidPassWord(TC_Registration_01.java:74)
... Removed 29 stack frames]]>
    </failure>
  </testcase> <!-- testWithAllInValidPassWord -->
  <testcase name="testWithAllValidInput" time="11.523" classname="com.bridgelabz.usertest.TC_Registration_01"/>
  <testcase name="testWithAlreadyPresentUser" time="9.229" classname="com.bridgelabz.usertest.TC_Registration_01">
    <failure type="java.lang.AssertionError" message="expected [true] but found [false]">
      <![CDATA[java.lang.AssertionError: expected [true] but found [false]
at com.bridgelabz.usertest.TC_Registration_01.registration(TC_Registration_01.java:134)
at com.bridgelabz.usertest.TC_Registration_01.testWithAlreadyPresentUser(TC_Registration_01.java:87)
... Removed 29 stack frames]]>
    </failure>
  </testcase> <!-- testWithAlreadyPresentUser -->
  <testcase name="testWithInvalidfnameLname" time="6.263" classname="com.bridgelabz.usertest.TC_Registration_01">
    <failure type="java.lang.AssertionError" message="expected [true] but found [false]">
      <![CDATA[java.lang.AssertionError: expected [true] but found [false]
at com.bridgelabz.usertest.TC_Registration_01.registration(TC_Registration_01.java:140)
at com.bridgelabz.usertest.TC_Registration_01.testWithInvalidfnameLname(TC_Registration_01.java:60)
... Removed 29 stack frames]]>
    </failure>
  </testcase> <!-- testWithInvalidfnameLname -->
</testsuite> <!-- Test -->
