<?xml version="1.0" encoding="UTF-8"?>
<!-- Generated by org.testng.reporters.JUnitXMLReporter -->
<testsuite hostname="DESKTOP-L8973B7" ignored="0" name="Test" tests="9" failures="7" timestamp="05 May 2020 16:06:18 GMT" time="81.908" errors="0">
  <testcase name="loginTest" time="8.444" classname="com.bridgelabz.usertest.TC_LoginDDT_02">
    <failure type="java.lang.AssertionError" message="expected [true] but found [false]">
      <![CDATA[java.lang.AssertionError: expected [true] but found [false]
at com.bridgelabz.usertest.TC_LoginDDT_02.loginTest(TC_LoginDDT_02.java:42)
... Removed 29 stack frames]]>
    </failure>
  </testcase> <!-- loginTest -->
  <testcase name="loginTest" time="7.552" classname="com.bridgelabz.usertest.TC_LoginDDT_02">
    <failure type="java.lang.AssertionError" message="expected [true] but found [false]">
      <![CDATA[java.lang.AssertionError: expected [true] but found [false]
at com.bridgelabz.usertest.TC_LoginDDT_02.loginTest(TC_LoginDDT_02.java:42)
... Removed 29 stack frames]]>
    </failure>
  </testcase> <!-- loginTest -->
  <testcase name="loginTest" time="7.656" classname="com.bridgelabz.usertest.TC_LoginDDT_02">
    <failure type="java.lang.AssertionError" message="expected [true] but found [false]">
      <![CDATA[java.lang.AssertionError: expected [true] but found [false]
at com.bridgelabz.usertest.TC_LoginDDT_02.loginTest(TC_LoginDDT_02.java:42)
... Removed 29 stack frames]]>
    </failure>
  </testcase> <!-- loginTest -->
  <testcase name="loginTest" time="7.774" classname="com.bridgelabz.usertest.TC_LoginDDT_02">
    <failure type="java.lang.AssertionError" message="expected [true] but found [false]">
      <![CDATA[java.lang.AssertionError: expected [true] but found [false]
at com.bridgelabz.usertest.TC_LoginDDT_02.loginTest(TC_LoginDDT_02.java:42)
... Removed 29 stack frames]]>
    </failure>
  </testcase> <!-- loginTest -->
  <testcase name="loginTest" time="6.815" classname="com.bridgelabz.usertest.TC_LoginDDT_02"/>
  <testcase name="loginTest" time="7.601" classname="com.bridgelabz.usertest.TC_LoginDDT_02">
    <failure type="java.lang.AssertionError" message="expected [true] but found [false]">
      <![CDATA[java.lang.AssertionError: expected [true] but found [false]
at com.bridgelabz.usertest.TC_LoginDDT_02.loginTest(TC_LoginDDT_02.java:42)
... Removed 29 stack frames]]>
    </failure>
  </testcase> <!-- loginTest -->
  <testcase name="loginTest" time="8.08" classname="com.bridgelabz.usertest.TC_LoginDDT_02">
    <failure type="java.lang.AssertionError" message="expected [true] but found [false]">
      <![CDATA[java.lang.AssertionError: expected [true] but found [false]
at com.bridgelabz.usertest.TC_LoginDDT_02.loginTest(TC_LoginDDT_02.java:42)
... Removed 29 stack frames]]>
    </failure>
  </testcase> <!-- loginTest -->
  <testcase name="loginTest" time="7.73" classname="com.bridgelabz.usertest.TC_LoginDDT_02">
    <failure type="java.lang.AssertionError" message="expected [true] but found [false]">
      <![CDATA[java.lang.AssertionError: expected [true] but found [false]
at com.bridgelabz.usertest.TC_LoginDDT_02.loginTest(TC_LoginDDT_02.java:42)
... Removed 29 stack frames]]>
    </failure>
  </testcase> <!-- loginTest -->
  <testcase name="loginTest" time="6.846" classname="com.bridgelabz.usertest.TC_LoginDDT_02"/>
</testsuite> <!-- Test -->
