<?xml version="1.0" encoding="UTF-8"?>
<testng-results skipped="0" failed="0" ignored="0" total="1" passed="1">
  <reporter-output>
  </reporter-output>
  <suite name="FundooNoteTesting" duration-ms="14954" started-at="2020-05-05T06:23:02Z" finished-at="2020-05-05T06:23:17Z">
    <groups>
    </groups>
    <test name="Test" duration-ms="14954" started-at="2020-05-05T06:23:02Z" finished-at="2020-05-05T06:23:17Z">
      <class name="com.bridgelabz.testBase.TC_LoginTest_01">
        <test-method status="PASS" signature="setup(java.lang.String)[pri:0, instance:com.bridgelabz.testBase.TC_LoginTest_01@271053e1]" name="setup" is-config="true" duration-ms="10397" started-at="2020-05-05T06:23:03Z" finished-at="2020-05-05T06:23:13Z">
          <params>
            <param index="0">
              <value>
                <![CDATA[chrome]]>
              </value>
            </param>
          </params>
          <reporter-output>
          </reporter-output>
        </test-method> <!-- setup -->
        <test-method status="PASS" signature="Logintest()[pri:0, instance:com.bridgelabz.testBase.TC_LoginTest_01@271053e1]" name="Logintest" duration-ms="3146" started-at="2020-05-05T06:23:13Z" finished-at="2020-05-05T06:23:16Z">
          <reporter-output>
          </reporter-output>
        </test-method> <!-- Logintest -->
        <test-method status="PASS" signature="tearDown()[pri:0, instance:com.bridgelabz.testBase.TC_LoginTest_01@271053e1]" name="tearDown" is-config="true" duration-ms="1061" started-at="2020-05-05T06:23:16Z" finished-at="2020-05-05T06:23:17Z">
          <reporter-output>
          </reporter-output>
        </test-method> <!-- tearDown -->
      </class> <!-- com.bridgelabz.testBase.TC_LoginTest_01 -->
    </test> <!-- Test -->
  </suite> <!-- FundooNoteTesting -->
</testng-results>
