<?xml version="1.0" encoding="UTF-8"?>
<testng-results skipped="0" failed="0" ignored="0" total="1" passed="1">
  <reporter-output>
  </reporter-output>
  <suite name="FundooNoteTesting" duration-ms="23858" started-at="2020-05-05T05:48:29Z" finished-at="2020-05-05T05:48:53Z">
    <groups>
    </groups>
    <test name="Test" duration-ms="23858" started-at="2020-05-05T05:48:29Z" finished-at="2020-05-05T05:48:53Z">
      <class name="com.bridgelabz.testBase.TC_LoginTest_01">
        <test-method status="PASS" signature="setup(java.lang.String)[pri:0, instance:com.bridgelabz.testBase.TC_LoginTest_01@4f7d0008]" name="setup" is-config="true" duration-ms="14700" started-at="2020-05-05T05:48:29Z" finished-at="2020-05-05T05:48:43Z">
          <params>
            <param index="0">
              <value>
                <![CDATA[firefox]]>
              </value>
            </param>
          </params>
          <reporter-output>
          </reporter-output>
        </test-method> <!-- setup -->
        <test-method status="PASS" signature="Logintest()[pri:0, instance:com.bridgelabz.testBase.TC_LoginTest_01@4f7d0008]" name="Logintest" duration-ms="3706" started-at="2020-05-05T05:48:43Z" finished-at="2020-05-05T05:48:47Z">
          <reporter-output>
          </reporter-output>
        </test-method> <!-- Logintest -->
        <test-method status="PASS" signature="tearDown()[pri:0, instance:com.bridgelabz.testBase.TC_LoginTest_01@4f7d0008]" name="tearDown" is-config="true" duration-ms="5419" started-at="2020-05-05T05:48:47Z" finished-at="2020-05-05T05:48:53Z">
          <reporter-output>
          </reporter-output>
        </test-method> <!-- tearDown -->
      </class> <!-- com.bridgelabz.testBase.TC_LoginTest_01 -->
    </test> <!-- Test -->
  </suite> <!-- FundooNoteTesting -->
</testng-results>
